<?xml version="1.0" encoding="UTF-8"?>
<!-- Generated by org.testng.reporters.JUnitReportReporter -->
<testsuite hostname="rahul-PC" name="com.mmtautomation.test.RegressionTest" tests="1" failures="0" timestamp="19 Oct 2019 14:15:27 GMT" time="31.755" errors="0">
  <testcase name="FindFlightTest" time="31.755" classname="com.mmtautomation.test.RegressionTest"/>
</testsuite> <!-- com.mmtautomation.test.RegressionTest -->
