<?xml version="1.0" encoding="UTF-8"?>
<!-- Generated by org.testng.reporters.JUnitReportReporter -->
<testsuite hostname="rahul-PC" name="com.mmtautomation.test.LoginTest" tests="1" failures="0" timestamp="15 Sep 2019 18:08:37 GMT" time="6.936" errors="0">
  <testcase name="loginMMTTest" time="6.936" classname="com.mmtautomation.test.LoginTest"/>
</testsuite> <!-- com.mmtautomation.test.LoginTest -->
